<?xml version="1.0" encoding="UTF-8"?>
<!-- Generated by org.testng.reporters.JUnitReportReporter -->
<testsuite hostname="INBOOK_X1_SLIM" failures="0" tests="1" name="project1.zomato" time="74.294" errors="0" timestamp="2024-10-14T00:25:21 IST" skipped="0">
  <testcase classname="project1.zomato" name="forbes" time="74.294"/>
  <system-out/>
</testsuite> <!-- project1.zomato -->
